Determining if the pthread_create exist failed with the following output:
Change Dir: /home/robot/Desktop/me212s3/MobileRobot/catkin_ws/build/CMakeFiles/CMakeTmp

Run Build Command:"/usr/bin/make" "cmTC_4bf5c/fast"
/usr/bin/make -f CMakeFiles/cmTC_4bf5c.dir/build.make CMakeFiles/cmTC_4bf5c.dir/build
make[1]: Entering directory '/home/robot/Desktop/me212s3/MobileRobot/catkin_ws/build/CMakeFiles/CMakeTmp'
Building C object CMakeFiles/cmTC_4bf5c.dir/CheckSymbolExists.c.o
/usr/bin/cc    -Wreturn-type -Wuninitialized     -o CMakeFiles/cmTC_4bf5c.dir/CheckSymbolExists.c.o   -c /home/robot/Desktop/me212s3/MobileRobot/catkin_ws/build/CMakeFiles/CMakeTmp/CheckSymbolExists.c
Linking C executable cmTC_4bf5c
/usr/bin/cmake -E cmake_link_script CMakeFiles/cmTC_4bf5c.dir/link.txt --verbose=1
/usr/bin/cc   -Wreturn-type -Wuninitialized      CMakeFiles/cmTC_4bf5c.dir/CheckSymbolExists.c.o  -o cmTC_4bf5c -rdynamic 
CMakeFiles/cmTC_4bf5c.dir/CheckSymbolExists.c.o: In function `main':
CheckSymbolExists.c:(.text+0x16): undefined reference to `pthread_create'
collect2: error: ld returned 1 exit status
CMakeFiles/cmTC_4bf5c.dir/build.make:97: recipe for target 'cmTC_4bf5c' failed
make[1]: *** [cmTC_4bf5c] Error 1
make[1]: Leaving directory '/home/robot/Desktop/me212s3/MobileRobot/catkin_ws/build/CMakeFiles/CMakeTmp'
Makefile:126: recipe for target 'cmTC_4bf5c/fast' failed
make: *** [cmTC_4bf5c/fast] Error 2

File /home/robot/Desktop/me212s3/MobileRobot/catkin_ws/build/CMakeFiles/CMakeTmp/CheckSymbolExists.c:
/* */
#include <pthread.h>

int main(int argc, char** argv)
{
  (void)argv;
#ifndef pthread_create
  return ((int*)(&pthread_create))[argc];
#else
  (void)argc;
  return 0;
#endif
}

Determining if the function pthread_create exists in the pthreads failed with the following output:
Change Dir: /home/robot/Desktop/me212s3/MobileRobot/catkin_ws/build/CMakeFiles/CMakeTmp

Run Build Command:"/usr/bin/make" "cmTC_61158/fast"
/usr/bin/make -f CMakeFiles/cmTC_61158.dir/build.make CMakeFiles/cmTC_61158.dir/build
make[1]: Entering directory '/home/robot/Desktop/me212s3/MobileRobot/catkin_ws/build/CMakeFiles/CMakeTmp'
Building C object CMakeFiles/cmTC_61158.dir/CheckFunctionExists.c.o
/usr/bin/cc    -Wreturn-type -Wuninitialized  -DCHECK_FUNCTION_EXISTS=pthread_create   -o CMakeFiles/cmTC_61158.dir/CheckFunctionExists.c.o   -c /usr/share/cmake-3.5/Modules/CheckFunctionExists.c
Linking C executable cmTC_61158
/usr/bin/cmake -E cmake_link_script CMakeFiles/cmTC_61158.dir/link.txt --verbose=1
/usr/bin/cc   -Wreturn-type -Wuninitialized  -DCHECK_FUNCTION_EXISTS=pthread_create    CMakeFiles/cmTC_61158.dir/CheckFunctionExists.c.o  -o cmTC_61158 -rdynamic -lpthreads 
/usr/bin/ld: cannot find -lpthreads
collect2: error: ld returned 1 exit status
CMakeFiles/cmTC_61158.dir/build.make:97: recipe for target 'cmTC_61158' failed
make[1]: *** [cmTC_61158] Error 1
make[1]: Leaving directory '/home/robot/Desktop/me212s3/MobileRobot/catkin_ws/build/CMakeFiles/CMakeTmp'
Makefile:126: recipe for target 'cmTC_61158/fast' failed
make: *** [cmTC_61158/fast] Error 2


